c:\users\keti\desktop\ptam\src\lib3ds-20080909\lib3ds-20080909\src\release\lib3ds_viewport.obj
c:\users\keti\desktop\ptam\src\lib3ds-20080909\lib3ds-20080909\src\release\lib3ds_vector.obj
c:\users\keti\desktop\ptam\src\lib3ds-20080909\lib3ds-20080909\src\release\lib3ds_util.obj
c:\users\keti\desktop\ptam\src\lib3ds-20080909\lib3ds-20080909\src\release\lib3ds_track.obj
c:\users\keti\desktop\ptam\src\lib3ds-20080909\lib3ds-20080909\src\release\lib3ds_shadow.obj
c:\users\keti\desktop\ptam\src\lib3ds-20080909\lib3ds-20080909\src\release\lib3ds_quat.obj
c:\users\keti\desktop\ptam\src\lib3ds-20080909\lib3ds-20080909\src\release\lib3ds_node.obj
c:\users\keti\desktop\ptam\src\lib3ds-20080909\lib3ds-20080909\src\release\lib3ds_mesh.obj
c:\users\keti\desktop\ptam\src\lib3ds-20080909\lib3ds-20080909\src\release\lib3ds_matrix.obj
c:\users\keti\desktop\ptam\src\lib3ds-20080909\lib3ds-20080909\src\release\lib3ds_math.obj
c:\users\keti\desktop\ptam\src\lib3ds-20080909\lib3ds-20080909\src\release\lib3ds_material.obj
c:\users\keti\desktop\ptam\src\lib3ds-20080909\lib3ds-20080909\src\release\lib3ds_light.obj
c:\users\keti\desktop\ptam\src\lib3ds-20080909\lib3ds-20080909\src\release\lib3ds_io.obj
c:\users\keti\desktop\ptam\src\lib3ds-20080909\lib3ds-20080909\src\release\lib3ds_file.obj
c:\users\keti\desktop\ptam\src\lib3ds-20080909\lib3ds-20080909\src\release\lib3ds_chunktable.obj
c:\users\keti\desktop\ptam\src\lib3ds-20080909\lib3ds-20080909\src\release\lib3ds_chunk.obj
c:\users\keti\desktop\ptam\src\lib3ds-20080909\lib3ds-20080909\src\release\lib3ds_camera.obj
c:\users\keti\desktop\ptam\src\lib3ds-20080909\lib3ds-20080909\src\release\lib3ds_background.obj
c:\users\keti\desktop\ptam\src\lib3ds-20080909\lib3ds-20080909\src\release\lib3ds_atmosphere.obj
c:\users\keti\desktop\ptam\src\lib3ds-20080909\lib3ds-20080909\release\lib3ds.lib
c:\users\keti\desktop\ptam\src\lib3ds-20080909\lib3ds-20080909\release\lib3ds.exp
c:\users\keti\desktop\ptam\src\lib3ds-20080909\lib3ds-20080909\release\lib3ds-2_0.dll
c:\users\keti\desktop\ptam\src\lib3ds-20080909\lib3ds-20080909\src\release\lib3ds.res
c:\users\keti\desktop\ptam\src\lib3ds-20080909\lib3ds-20080909\src\release\lib3ds.tlog\cl.command.1.tlog
c:\users\keti\desktop\ptam\src\lib3ds-20080909\lib3ds-20080909\src\release\lib3ds.tlog\cl.read.1.tlog
c:\users\keti\desktop\ptam\src\lib3ds-20080909\lib3ds-20080909\src\release\lib3ds.tlog\cl.write.1.tlog
c:\users\keti\desktop\ptam\src\lib3ds-20080909\lib3ds-20080909\src\release\lib3ds.tlog\lib3ds.write.1u.tlog
c:\users\keti\desktop\ptam\src\lib3ds-20080909\lib3ds-20080909\src\release\lib3ds.tlog\link.command.1.tlog
c:\users\keti\desktop\ptam\src\lib3ds-20080909\lib3ds-20080909\src\release\lib3ds.tlog\link.read.1.tlog
c:\users\keti\desktop\ptam\src\lib3ds-20080909\lib3ds-20080909\src\release\lib3ds.tlog\link.write.1.tlog
c:\users\keti\desktop\ptam\src\lib3ds-20080909\lib3ds-20080909\src\release\lib3ds.tlog\rc.command.1.tlog
c:\users\keti\desktop\ptam\src\lib3ds-20080909\lib3ds-20080909\src\release\lib3ds.tlog\rc.read.1.tlog
c:\users\keti\desktop\ptam\src\lib3ds-20080909\lib3ds-20080909\src\release\lib3ds.tlog\rc.write.1.tlog
