C:\Program Files (x86)\Microsoft Visual Studio\2019\Community\MSBuild\Microsoft\VC\v160\Microsoft.CppBuild.targets(513,5): warning MSB8028: The intermediate directory (Release\) contains files shared from another project (PTAM.vcxproj).  This can lead to incorrect clean and rebuild behavior.
  VideoSource_Linux_OpenCV.cc
C:\Users\KETI\Desktop\PTAM.Edit\set\ptam_include\opencv2\flann\dist.h(1,1): warning C4819: The file contains a character that cannot be represented in the current code page (949). Save the file in Unicode format to prevent data loss
C:\Users\KETI\Desktop\PTAM.Edit\set\ptam_include\opencv2\flann\logger.h(66,22): warning C4996: 'fopen': This function or variable may be unsafe. Consider using fopen_s instead. To disable deprecation, use _CRT_SECURE_NO_WARNINGS. See online help for details.
  ATANCamera.cc
  CalibCornerPatch.cc
C:\Program Files (x86)\Windows Kits\10\Include\10.0.17763.0\ucrt\corecrt_math_defines.h(29,1): warning C4005: 'M_SQRT1_2': macro redefinition
C:\Users\KETI\Desktop\PTAM.Edit\set\ptam_include\TooN\helpers.h(40): message : see previous definition of 'M_SQRT1_2'
C:\Users\KETI\Desktop\PTAM.Edit\src\PTAM\CalibCornerPatch.cc(192,16): warning C4244: 'initializing': conversion from 'double' to 'float', possible loss of data
C:\Users\KETI\Desktop\PTAM.Edit\src\PTAM\CalibCornerPatch.cc(193,16): warning C4244: 'initializing': conversion from 'double' to 'float', possible loss of data
C:\Users\KETI\Desktop\PTAM.Edit\set\ptam_include\cvd\image_interpolate.h(186,72): warning C4244: '=': conversion from 'double' to 'float', possible loss of data
C:\Users\KETI\Desktop\PTAM.Edit\set\ptam_include\cvd\image_interpolate.h(172): message : while compiling class template member function 'float CVD::image_interpolate<CVD::Interpolate::Bilinear,CVD::byte>::operator [](const TooN::Vector<2,TooN::DefaultPrecision,TooN::Internal::VBase> &)'
C:\Users\KETI\Desktop\PTAM.Edit\src\PTAM\CalibCornerPatch.cc(153): message : see reference to function template instantiation 'float CVD::image_interpolate<CVD::Interpolate::Bilinear,CVD::byte>::operator [](const TooN::Vector<2,TooN::DefaultPrecision,TooN::Internal::VBase> &)' being compiled
C:\Users\KETI\Desktop\PTAM.Edit\src\PTAM\CalibCornerPatch.cc(141): message : see reference to class template instantiation 'CVD::image_interpolate<CVD::Interpolate::Bilinear,CVD::byte>' being compiled
C:\Users\KETI\Desktop\PTAM.Edit\set\ptam_include\cvd\image_interpolate.h(189,69): warning C4244: '=': conversion from 'double' to 'float', possible loss of data
C:\Users\KETI\Desktop\PTAM.Edit\set\ptam_include\cvd\image_interpolate.h(192,72): warning C4244: '=': conversion from 'double' to 'float', possible loss of data
C:\Users\KETI\Desktop\PTAM.Edit\set\ptam_include\cvd\image_interpolate.h(195,69): warning C4244: '=': conversion from 'double' to 'float', possible loss of data
  CalibImage.cc
C:\Program Files (x86)\Windows Kits\10\Include\10.0.17763.0\ucrt\corecrt_math_defines.h(29,1): warning C4005: 'M_SQRT1_2': macro redefinition
C:\Users\KETI\Desktop\PTAM.Edit\set\ptam_include\TooN\helpers.h(40): message : see previous definition of 'M_SQRT1_2'
C:\Users\KETI\Desktop\PTAM.Edit\set\ptam_include\cvd\image_interpolate.h(186,72): warning C4244: '=': conversion from 'double' to 'float', possible loss of data
C:\Users\KETI\Desktop\PTAM.Edit\set\ptam_include\cvd\image_interpolate.h(172): message : while compiling class template member function 'float CVD::image_interpolate<CVD::Interpolate::Bilinear,CVD::byte>::operator [](const TooN::Vector<2,TooN::DefaultPrecision,TooN::Internal::VBase> &)'
C:\Users\KETI\Desktop\PTAM.Edit\src\PTAM\CalibImage.cc(88): message : see reference to function template instantiation 'float CVD::image_interpolate<CVD::Interpolate::Bilinear,CVD::byte>::operator [](const TooN::Vector<2,TooN::DefaultPrecision,TooN::Internal::VBase> &)' being compiled
C:\Users\KETI\Desktop\PTAM.Edit\src\PTAM\CalibImage.cc(77): message : see reference to class template instantiation 'CVD::image_interpolate<CVD::Interpolate::Bilinear,CVD::byte>' being compiled
C:\Users\KETI\Desktop\PTAM.Edit\set\ptam_include\cvd\image_interpolate.h(189,69): warning C4244: '=': conversion from 'double' to 'float', possible loss of data
C:\Users\KETI\Desktop\PTAM.Edit\set\ptam_include\cvd\image_interpolate.h(192,72): warning C4244: '=': conversion from 'double' to 'float', possible loss of data
C:\Users\KETI\Desktop\PTAM.Edit\set\ptam_include\cvd\image_interpolate.h(195,69): warning C4244: '=': conversion from 'double' to 'float', possible loss of data
  CameraCalibrator.cc
  GLWindow2.cc
C:\Users\KETI\Desktop\PTAM.Edit\src\PTAM\GLWindow2.cc(133,26): warning C4244: 'argument': conversion from 'double' to 'GLfloat', possible loss of data
C:\Users\KETI\Desktop\PTAM.Edit\src\PTAM\GLWindow2.cc(133,23): warning C4244: 'argument': conversion from 'double' to 'GLfloat', possible loss of data
C:\Users\KETI\Desktop\PTAM.Edit\src\PTAM\GLWindow2.cc(145,30): warning C4244: 'argument': conversion from 'int' to 'GLfloat', possible loss of data
C:\Users\KETI\Desktop\PTAM.Edit\src\PTAM\GLWindow2.cc(145,21): warning C4244: 'argument': conversion from 'int' to 'GLfloat', possible loss of data
C:\Users\KETI\Desktop\PTAM.Edit\src\PTAM\GLWindow2.cc(177,22): warning C4305: 'argument': truncation from 'double' to 'GLfloat'
  GLWindowMenu.cc
  Generating code
  Previous IPDB not found, fall back to full compilation.
  All 4146 functions were compiled because no usable IPDB/IOBJ from previous compilation was found.
  Finished generating code
VideoSource_Linux_OpenCV.obj : warning LNK4099: PDB 'vc142.pdb' was not found with 'VideoSource_Linux_OpenCV.obj' or at 'C:\Users\KETI\Desktop\PTAM.Edit\src\PTAM\Release\vc142.pdb'; linking object as if no debug info
ATANCamera.obj : warning LNK4099: PDB 'vc142.pdb' was not found with 'ATANCamera.obj' or at 'C:\Users\KETI\Desktop\PTAM.Edit\src\PTAM\Release\vc142.pdb'; linking object as if no debug info
CalibCornerPatch.obj : warning LNK4099: PDB 'vc142.pdb' was not found with 'CalibCornerPatch.obj' or at 'C:\Users\KETI\Desktop\PTAM.Edit\src\PTAM\Release\vc142.pdb'; linking object as if no debug info
CalibImage.obj : warning LNK4099: PDB 'vc142.pdb' was not found with 'CalibImage.obj' or at 'C:\Users\KETI\Desktop\PTAM.Edit\src\PTAM\Release\vc142.pdb'; linking object as if no debug info
CameraCalibrator.obj : warning LNK4099: PDB 'vc142.pdb' was not found with 'CameraCalibrator.obj' or at 'C:\Users\KETI\Desktop\PTAM.Edit\src\PTAM\Release\vc142.pdb'; linking object as if no debug info
GLWindow2.obj : warning LNK4099: PDB '' was not found with 'GLWindow2.obj' or at ''; linking object as if no debug info
GLWindowMenu.obj : warning LNK4099: PDB 'vc142.pdb' was not found with 'GLWindowMenu.obj' or at 'C:\Users\KETI\Desktop\PTAM.Edit\src\PTAM\Release\vc142.pdb'; linking object as if no debug info
libcvd.lib(win32.obj) : warning LNK4099: PDB 'libcvd.pdb' was not found with 'libcvd.lib(win32.obj)' or at 'C:\Users\KETI\Desktop\PTAM.Edit\src\PTAM\Release\libcvd.pdb'; linking object as if no debug info
libcvd.lib(convolve_gaussian.obj) : warning LNK4099: PDB 'libcvd.pdb' was not found with 'libcvd.lib(convolve_gaussian.obj)' or at 'C:\Users\KETI\Desktop\PTAM.Edit\src\PTAM\Release\libcvd.pdb'; linking object as if no debug info
libcvd.lib(fast_corner.obj) : warning LNK4099: PDB 'libcvd.pdb' was not found with 'libcvd.lib(fast_corner.obj)' or at 'C:\Users\KETI\Desktop\PTAM.Edit\src\PTAM\Release\libcvd.pdb'; linking object as if no debug info
libcvd.lib(utility_float.obj) : warning LNK4099: PDB 'libcvd.pdb' was not found with 'libcvd.lib(utility_float.obj)' or at 'C:\Users\KETI\Desktop\PTAM.Edit\src\PTAM\Release\libcvd.pdb'; linking object as if no debug info
libcvd.lib(glwindow.obj) : warning LNK4099: PDB 'libcvd.pdb' was not found with 'libcvd.lib(glwindow.obj)' or at 'C:\Users\KETI\Desktop\PTAM.Edit\src\PTAM\Release\libcvd.pdb'; linking object as if no debug info
libcvd.lib(gltext.obj) : warning LNK4099: PDB 'libcvd.pdb' was not found with 'libcvd.lib(gltext.obj)' or at 'C:\Users\KETI\Desktop\PTAM.Edit\src\PTAM\Release\libcvd.pdb'; linking object as if no debug info
libcvd.lib(convolution.obj) : warning LNK4099: PDB 'libcvd.pdb' was not found with 'libcvd.lib(convolution.obj)' or at 'C:\Users\KETI\Desktop\PTAM.Edit\src\PTAM\Release\libcvd.pdb'; linking object as if no debug info
libcvd.lib(nonmax_suppression.obj) : warning LNK4099: PDB 'libcvd.pdb' was not found with 'libcvd.lib(nonmax_suppression.obj)' or at 'C:\Users\KETI\Desktop\PTAM.Edit\src\PTAM\Release\libcvd.pdb'; linking object as if no debug info
gvars3.lib(gvars3.obj) : warning LNK4099: PDB 'gvars3.pdb' was not found with 'gvars3.lib(gvars3.obj)' or at 'C:\Users\KETI\Desktop\PTAM.Edit\src\PTAM\Release\gvars3.pdb'; linking object as if no debug info
gvars3.lib(inst.obj) : warning LNK4099: PDB 'gvars3.pdb' was not found with 'gvars3.lib(inst.obj)' or at 'C:\Users\KETI\Desktop\PTAM.Edit\src\PTAM\Release\gvars3.pdb'; linking object as if no debug info
gvars3.lib(serialize.obj) : warning LNK4099: PDB 'gvars3.pdb' was not found with 'gvars3.lib(serialize.obj)' or at 'C:\Users\KETI\Desktop\PTAM.Edit\src\PTAM\Release\gvars3.pdb'; linking object as if no debug info
gvars3.lib(gvars2.obj) : warning LNK4099: PDB '' was not found with 'gvars3.lib(gvars2.obj)' or at ''; linking object as if no debug info
gvars3.lib(GUI.obj) : warning LNK4099: PDB 'gvars3.pdb' was not found with 'gvars3.lib(GUI.obj)' or at 'C:\Users\KETI\Desktop\PTAM.Edit\src\PTAM\Release\gvars3.pdb'; linking object as if no debug info
gvars3.lib(GStringUtil.obj) : warning LNK4099: PDB 'gvars3.pdb' was not found with 'gvars3.lib(GStringUtil.obj)' or at 'C:\Users\KETI\Desktop\PTAM.Edit\src\PTAM\Release\gvars3.pdb'; linking object as if no debug info
gvars3.lib(GUI_impl_noreadline.obj) : warning LNK4099: PDB 'gvars3.pdb' was not found with 'gvars3.lib(GUI_impl_noreadline.obj)' or at 'C:\Users\KETI\Desktop\PTAM.Edit\src\PTAM\Release\gvars3.pdb'; linking object as if no debug info
gvars3.lib(GUI_non_readline.obj) : warning LNK4099: PDB 'gvars3.pdb' was not found with 'gvars3.lib(GUI_non_readline.obj)' or at 'C:\Users\KETI\Desktop\PTAM.Edit\src\PTAM\Release\gvars3.pdb'; linking object as if no debug info
  CameraCalibrator.vcxproj -> C:\Users\KETI\Desktop\PTAM.Edit\src\PTAM\Release\CameraCalibrator.exe
