c:\users\keti\desktop\ptam_x64\src\ptam\release\smallblurryimage.obj
c:\users\keti\desktop\ptam_x64\src\ptam\release\shitomasi.obj
c:\users\keti\desktop\ptam_x64\src\ptam\release\relocaliser.obj
c:\users\keti\desktop\ptam_x64\src\ptam\release\minipatch.obj
c:\users\keti\desktop\ptam_x64\src\ptam\release\mapviewer.obj
c:\users\keti\desktop\ptam_x64\src\ptam\release\mappoint.obj
c:\users\keti\desktop\ptam_x64\src\ptam\release\mapmaker.obj
c:\users\keti\desktop\ptam_x64\src\ptam\release\map.obj
c:\users\keti\desktop\ptam_x64\src\ptam\release\main.obj
c:\users\keti\desktop\ptam_x64\src\ptam\release\keyframe.obj
c:\users\keti\desktop\ptam_x64\src\ptam\release\homographyinit.obj
c:\users\keti\desktop\ptam_x64\src\ptam\release\glwindowmenu.obj
c:\users\keti\desktop\ptam_x64\src\ptam\release\glwindow2.obj
c:\users\keti\desktop\ptam_x64\src\ptam\release\eyegame.obj
c:\users\keti\desktop\ptam_x64\src\ptam\release\bundle.obj
c:\users\keti\desktop\ptam_x64\src\ptam\release\atancamera.obj
c:\users\keti\desktop\ptam_x64\src\ptam\release\ardriver.obj
c:\users\keti\desktop\ptam_x64\src\ptam\release\videosource_linux_opencv.obj
c:\users\keti\desktop\ptam_x64\src\ptam\release\tracker.obj
c:\users\keti\desktop\ptam_x64\src\ptam\release\system.obj
c:\users\keti\desktop\ptam_x64\src\ptam\release\global_variables.obj
c:\users\keti\desktop\ptam_x64\src\ptam\release\patchfinder.obj
c:\users\keti\desktop\ptam_x64\src\ptam\release\vc142.pdb
c:\users\keti\desktop\ptam_x64\src\ptam\release\ptam.pdb
c:\users\keti\desktop\ptam_x64\src\ptam\release\ptam.tlog\cl.command.1.tlog
c:\users\keti\desktop\ptam_x64\src\ptam\release\ptam.tlog\cl.read.1.tlog
c:\users\keti\desktop\ptam_x64\src\ptam\release\ptam.tlog\cl.write.1.tlog
c:\users\keti\desktop\ptam_x64\src\ptam\release\ptam.tlog\link.13672.read.1.tlog
c:\users\keti\desktop\ptam_x64\src\ptam\release\ptam.tlog\link.13672.write.1.tlog
c:\users\keti\desktop\ptam_x64\src\ptam\release\ptam.tlog\link.13880.read.1.tlog
c:\users\keti\desktop\ptam_x64\src\ptam\release\ptam.tlog\link.13880.write.1.tlog
c:\users\keti\desktop\ptam_x64\src\ptam\release\ptam.tlog\link.24648.read.1.tlog
c:\users\keti\desktop\ptam_x64\src\ptam\release\ptam.tlog\link.24648.write.1.tlog
c:\users\keti\desktop\ptam_x64\src\ptam\release\ptam.tlog\link.5248.read.1.tlog
c:\users\keti\desktop\ptam_x64\src\ptam\release\ptam.tlog\link.5248.write.1.tlog
c:\users\keti\desktop\ptam_x64\src\ptam\release\ptam.tlog\link.command.1.tlog
c:\users\keti\desktop\ptam_x64\src\ptam\release\ptam.tlog\link.read.1.tlog
c:\users\keti\desktop\ptam_x64\src\ptam\release\ptam.tlog\link.write.1.tlog
