cl : 명령줄 warning D9035: 'Gm' 옵션은 더 이상 사용되지 않으므로 이후 릴리스에서 제거될 예정입니다.
  Tracker.cc
C:\Users\KETI\Desktop\PTAM.Edit\src\PTAM\KeyFrame.h(29,15): warning C4099: 'MapPoint': 처음에는 'struct'을(를) 사용하여 형식 이름을 표시했는데 이제는 'class'을(를) 사용하여 표시합니다.
C:\Users\KETI\Desktop\PTAM.Edit\src\PTAM\Map.h(21): message : 'MapPoint' 선언을 참조하십시오.
C:\Program Files (x86)\Windows Kits\10\Include\10.0.17763.0\ucrt\corecrt_math_defines.h(29,1): warning C4005: 'M_SQRT1_2': 매크로 재정의
C:\Users\KETI\Desktop\PTAM.Edit\set\ptam_include\TooN\helpers.h(40): message : 'M_SQRT1_2'의 이전 정의를 참조하십시오.
C:\Users\KETI\Desktop\PTAM.Edit\src\PTAM\MapPoint.h(22,15): warning C4099: 'KeyFrame': 처음에는 'struct'을(를) 사용하여 형식 이름을 표시했는데 이제는 'class'을(를) 사용하여 표시합니다.
C:\Users\KETI\Desktop\PTAM.Edit\src\PTAM\KeyFrame.h(75): message : 'KeyFrame' 선언을 참조하십시오.
C:\Users\KETI\Desktop\PTAM.Edit\src\PTAM\MapPoint.h(24,19): warning C4099: 'MapMakerData': 처음에는 'struct'을(를) 사용하여 형식 이름을 표시했는데 이제는 'class'을(를) 사용하여 표시합니다.
C:\Users\KETI\Desktop\PTAM.Edit\src\PTAM\MapMaker.h(29): message : 'MapMakerData' 선언을 참조하십시오.
C:\Users\KETI\Desktop\PTAM.Edit\src\PTAM\TrackerData.h(17,1): warning C4099: 'TrackerData': 처음에는 'class'을(를) 사용하여 형식 이름을 표시했는데 이제는 'struct'을(를) 사용하여 표시합니다.
C:\Users\KETI\Desktop\PTAM.Edit\src\PTAM\TrackerData.h(16): message : 'TrackerData' 선언을 참조하십시오.
C:\Users\KETI\Desktop\PTAM.Edit\src\PTAM\Tracker.cc(209,31): warning C4305: '인수': 'double'에서 'GLfloat'(으)로 잘립니다.
C:\Users\KETI\Desktop\PTAM.Edit\src\PTAM\Tracker.cc(211,24): warning C4305: '인수': 'double'에서 'GLfloat'(으)로 잘립니다.
  System.cc
C:\Users\KETI\Desktop\PTAM.Edit\src\PTAM\Map.h(25,1): warning C4099: 'Map': 처음에는 'class'을(를) 사용하여 형식 이름을 표시했는데 이제는 'struct'을(를) 사용하여 표시합니다.
C:\Users\KETI\Desktop\PTAM.Edit\src\PTAM\Map.h(24): message : 'Map' 선언을 참조하십시오.
C:\Users\KETI\Desktop\PTAM.Edit\src\PTAM\KeyFrame.h(29,15): warning C4099: 'MapPoint': 처음에는 'struct'을(를) 사용하여 형식 이름을 표시했는데 이제는 'class'을(를) 사용하여 표시합니다.
C:\Users\KETI\Desktop\PTAM.Edit\src\PTAM\Map.h(21): message : 'MapPoint' 선언을 참조하십시오.
C:\Program Files (x86)\Windows Kits\10\Include\10.0.17763.0\ucrt\corecrt_math_defines.h(29,1): warning C4005: 'M_SQRT1_2': 매크로 재정의
C:\Users\KETI\Desktop\PTAM.Edit\set\ptam_include\TooN\helpers.h(40): message : 'M_SQRT1_2'의 이전 정의를 참조하십시오.
C:\Users\KETI\Desktop\PTAM.Edit\src\PTAM\MapViewer.h(21,10): warning C4099: 'Map': 처음에는 'struct'을(를) 사용하여 형식 이름을 표시했는데 이제는 'class'을(를) 사용하여 표시합니다.
C:\Users\KETI\Desktop\PTAM.Edit\src\PTAM\Map.h(24): message : 'Map' 선언을 참조하십시오.
C:\Users\KETI\Desktop\PTAM.Edit\src\PTAM\System.cc(32,14): warning C4390: ';': 제어된 빈 문이 있습니다. 이 문이 필요합니까?
  SmallBlurryImage.cc
C:\Program Files (x86)\Windows Kits\10\Include\10.0.17763.0\ucrt\corecrt_math_defines.h(29,1): warning C4005: 'M_SQRT1_2': 매크로 재정의
C:\Users\KETI\Desktop\PTAM.Edit\set\ptam_include\TooN\helpers.h(40): message : 'M_SQRT1_2'의 이전 정의를 참조하십시오.
  ShiTomasi.cc
  Relocaliser.cc
C:\Users\KETI\Desktop\PTAM.Edit\src\PTAM\Map.h(21,16): warning C4099: 'MapPoint': 처음에는 'class'을(를) 사용하여 형식 이름을 표시했는데 이제는 'struct'을(를) 사용하여 표시합니다.
C:\Users\KETI\Desktop\PTAM.Edit\src\PTAM\KeyFrame.h(29): message : 'MapPoint' 선언을 참조하십시오.
C:\Program Files (x86)\Windows Kits\10\Include\10.0.17763.0\ucrt\corecrt_math_defines.h(29,1): warning C4005: 'M_SQRT1_2': 매크로 재정의
C:\Users\KETI\Desktop\PTAM.Edit\set\ptam_include\TooN\helpers.h(40): message : 'M_SQRT1_2'의 이전 정의를 참조하십시오.
  PatchFinder.cc
C:\Users\KETI\Desktop\PTAM.Edit\src\PTAM\KeyFrame.h(29,15): warning C4099: 'MapPoint': 처음에는 'struct'을(를) 사용하여 형식 이름을 표시했는데 이제는 'class'을(를) 사용하여 표시합니다.
C:\Users\KETI\Desktop\PTAM.Edit\src\PTAM\MapPoint.h(26): message : 'MapPoint' 선언을 참조하십시오.
C:\Users\KETI\Desktop\PTAM.Edit\src\PTAM\KeyFrame.h(76,1): warning C4099: 'KeyFrame': 처음에는 'class'을(를) 사용하여 형식 이름을 표시했는데 이제는 'struct'을(를) 사용하여 표시합니다.
C:\Users\KETI\Desktop\PTAM.Edit\src\PTAM\KeyFrame.h(75): message : 'KeyFrame' 선언을 참조하십시오.
C:\Program Files (x86)\Windows Kits\10\Include\10.0.17763.0\ucrt\corecrt_math_defines.h(29,1): warning C4005: 'M_SQRT1_2': 매크로 재정의
C:\Users\KETI\Desktop\PTAM.Edit\set\ptam_include\TooN\helpers.h(40): message : 'M_SQRT1_2'의 이전 정의를 참조하십시오.
C:\Users\KETI\Desktop\PTAM.Edit\src\PTAM\PatchFinder.cc(265,44): warning C4244: '=': 'Precision'에서 '_Ty1'(으)로 변환하면서 데이터가 손실될 수 있습니다.
          with
          [
              Precision=TooN::DefaultPrecision
          ]
          and
          [
              _Ty1=float
          ]
C:\Users\KETI\Desktop\PTAM.Edit\src\PTAM\PatchFinder.cc(266,45): warning C4244: '=': 'Precision'에서 '_Ty2'(으)로 변환하면서 데이터가 손실될 수 있습니다.
          with
          [
              Precision=TooN::DefaultPrecision
          ]
          and
          [
              _Ty2=float
          ]
C:\Users\KETI\Desktop\PTAM.Edit\src\PTAM\PatchFinder.cc(329,16): warning C4244: '초기화 중': 'double'에서 'float'(으)로 변환하면서 데이터가 손실될 수 있습니다.
C:\Users\KETI\Desktop\PTAM.Edit\src\PTAM\PatchFinder.cc(330,16): warning C4244: '초기화 중': 'double'에서 'float'(으)로 변환하면서 데이터가 손실될 수 있습니다.
C:\Users\KETI\Desktop\PTAM.Edit\src\PTAM\PatchFinder.cc(331,16): warning C4244: '초기화 중': 'double'에서 'float'(으)로 변환하면서 데이터가 손실될 수 있습니다.
C:\Users\KETI\Desktop\PTAM.Edit\src\PTAM\PatchFinder.cc(332,16): warning C4244: '초기화 중': 'double'에서 'float'(으)로 변환하면서 데이터가 손실될 수 있습니다.
  MiniPatch.cc
  MapViewer.cc
C:\Users\KETI\Desktop\PTAM.Edit\src\PTAM\MapViewer.h(21,10): warning C4099: 'Map': 처음에는 'struct'을(를) 사용하여 형식 이름을 표시했는데 이제는 'class'을(를) 사용하여 표시합니다.
C:\Users\KETI\Desktop\PTAM.Edit\src\PTAM\Map.h(24): message : 'Map' 선언을 참조하십시오.
C:\Users\KETI\Desktop\PTAM.Edit\src\PTAM\MapPoint.h(22,15): warning C4099: 'KeyFrame': 처음에는 'struct'을(를) 사용하여 형식 이름을 표시했는데 이제는 'class'을(를) 사용하여 표시합니다.
C:\Users\KETI\Desktop\PTAM.Edit\src\PTAM\Map.h(22): message : 'KeyFrame' 선언을 참조하십시오.
C:\Users\KETI\Desktop\PTAM.Edit\src\PTAM\KeyFrame.h(29,15): warning C4099: 'MapPoint': 처음에는 'struct'을(를) 사용하여 형식 이름을 표시했는데 이제는 'class'을(를) 사용하여 표시합니다.
C:\Users\KETI\Desktop\PTAM.Edit\src\PTAM\MapPoint.h(26): message : 'MapPoint' 선언을 참조하십시오.
C:\Users\KETI\Desktop\PTAM.Edit\src\PTAM\MapViewer.cc(65,23): warning C4305: '인수': 'double'에서 'GLfloat'(으)로 잘립니다.
C:\Users\KETI\Desktop\PTAM.Edit\src\PTAM\MapViewer.cc(74,23): warning C4305: '인수': 'double'에서 'GLfloat'(으)로 잘립니다.
  MapPoint.cc
C:\Users\KETI\Desktop\PTAM.Edit\src\PTAM\KeyFrame.h(29,15): warning C4099: 'MapPoint': 처음에는 'struct'을(를) 사용하여 형식 이름을 표시했는데 이제는 'class'을(를) 사용하여 표시합니다.
C:\Users\KETI\Desktop\PTAM.Edit\src\PTAM\MapPoint.h(26): message : 'MapPoint' 선언을 참조하십시오.
C:\Users\KETI\Desktop\PTAM.Edit\src\PTAM\KeyFrame.h(76,1): warning C4099: 'KeyFrame': 처음에는 'class'을(를) 사용하여 형식 이름을 표시했는데 이제는 'struct'을(를) 사용하여 표시합니다.
C:\Users\KETI\Desktop\PTAM.Edit\src\PTAM\KeyFrame.h(75): message : 'KeyFrame' 선언을 참조하십시오.
  MapMaker.cc
C:\Users\KETI\Desktop\PTAM.Edit\src\PTAM\KeyFrame.h(29,15): warning C4099: 'MapPoint': 처음에는 'struct'을(를) 사용하여 형식 이름을 표시했는데 이제는 'class'을(를) 사용하여 표시합니다.
C:\Users\KETI\Desktop\PTAM.Edit\src\PTAM\Map.h(21): message : 'MapPoint' 선언을 참조하십시오.
C:\Users\KETI\Desktop\PTAM.Edit\src\PTAM\MapPoint.h(22,15): warning C4099: 'KeyFrame': 처음에는 'struct'을(를) 사용하여 형식 이름을 표시했는데 이제는 'class'을(를) 사용하여 표시합니다.
C:\Users\KETI\Desktop\PTAM.Edit\src\PTAM\KeyFrame.h(75): message : 'KeyFrame' 선언을 참조하십시오.
C:\Users\KETI\Desktop\PTAM.Edit\src\PTAM\MapPoint.h(24,19): warning C4099: 'MapMakerData': 처음에는 'struct'을(를) 사용하여 형식 이름을 표시했는데 이제는 'class'을(를) 사용하여 표시합니다.
C:\Users\KETI\Desktop\PTAM.Edit\src\PTAM\MapMaker.h(29): message : 'MapMakerData' 선언을 참조하십시오.
C:\Program Files (x86)\Windows Kits\10\Include\10.0.17763.0\ucrt\corecrt_math_defines.h(29,1): warning C4005: 'M_SQRT1_2': 매크로 재정의
C:\Users\KETI\Desktop\PTAM.Edit\set\ptam_include\TooN\helpers.h(40): message : 'M_SQRT1_2'의 이전 정의를 참조하십시오.
  Map.cc
C:\Users\KETI\Desktop\PTAM.Edit\src\PTAM\MapPoint.h(22,15): warning C4099: 'KeyFrame': 처음에는 'struct'을(를) 사용하여 형식 이름을 표시했는데 이제는 'class'을(를) 사용하여 표시합니다.
C:\Users\KETI\Desktop\PTAM.Edit\src\PTAM\Map.h(22): message : 'KeyFrame' 선언을 참조하십시오.
  main.cc
  KeyFrame.cc
C:\Program Files (x86)\Windows Kits\10\Include\10.0.17763.0\ucrt\corecrt_math_defines.h(29,1): warning C4005: 'M_SQRT1_2': 매크로 재정의
C:\Users\KETI\Desktop\PTAM.Edit\set\ptam_include\TooN\helpers.h(40): message : 'M_SQRT1_2'의 이전 정의를 참조하십시오.
  HomographyInit.cc
  GLWindowMenu.cc
  GLWindow2.cc
C:\Users\KETI\Desktop\PTAM.Edit\src\PTAM\GLWindow2.cc(133,26): warning C4244: '인수': 'double'에서 'GLfloat'(으)로 변환하면서 데이터가 손실될 수 있습니다.
C:\Users\KETI\Desktop\PTAM.Edit\src\PTAM\GLWindow2.cc(133,23): warning C4244: '인수': 'double'에서 'GLfloat'(으)로 변환하면서 데이터가 손실될 수 있습니다.
C:\Users\KETI\Desktop\PTAM.Edit\src\PTAM\GLWindow2.cc(145,30): warning C4244: '인수': 'int'에서 'GLfloat'(으)로 변환하면서 데이터가 손실될 수 있습니다.
C:\Users\KETI\Desktop\PTAM.Edit\src\PTAM\GLWindow2.cc(145,21): warning C4244: '인수': 'int'에서 'GLfloat'(으)로 변환하면서 데이터가 손실될 수 있습니다.
C:\Users\KETI\Desktop\PTAM.Edit\src\PTAM\GLWindow2.cc(177,22): warning C4305: '인수': 'double'에서 'GLfloat'(으)로 잘립니다.
  EyeGame.cc
C:\Program Files (x86)\Windows Kits\10\Include\10.0.17763.0\ucrt\corecrt_math_defines.h(29,1): warning C4005: 'M_SQRT1_2': 매크로 재정의
C:\Users\KETI\Desktop\PTAM.Edit\set\ptam_include\TooN\helpers.h(40): message : 'M_SQRT1_2'의 이전 정의를 참조하십시오.
C:\Users\KETI\Desktop\PTAM.Edit\src\PTAM\EyeGame.cc(120,78): warning C4244: '인수': 'double'에서 'GLfloat'(으)로 변환하면서 데이터가 손실될 수 있습니다.
C:\Users\KETI\Desktop\PTAM.Edit\src\PTAM\EyeGame.cc(120,47): warning C4244: '인수': 'double'에서 'GLfloat'(으)로 변환하면서 데이터가 손실될 수 있습니다.
C:\Users\KETI\Desktop\PTAM.Edit\src\PTAM\EyeGame.cc(120,15): warning C4244: '인수': 'double'에서 'GLfloat'(으)로 변환하면서 데이터가 손실될 수 있습니다.
C:\Users\KETI\Desktop\PTAM.Edit\src\PTAM\EyeGame.cc(121,78): warning C4244: '인수': 'double'에서 'GLfloat'(으)로 변환하면서 데이터가 손실될 수 있습니다.
C:\Users\KETI\Desktop\PTAM.Edit\src\PTAM\EyeGame.cc(121,47): warning C4244: '인수': 'double'에서 'GLfloat'(으)로 변환하면서 데이터가 손실될 수 있습니다.
C:\Users\KETI\Desktop\PTAM.Edit\src\PTAM\EyeGame.cc(121,15): warning C4244: '인수': 'double'에서 'GLfloat'(으)로 변환하면서 데이터가 손실될 수 있습니다.
C:\Users\KETI\Desktop\PTAM.Edit\src\PTAM\EyeGame.cc(123,20): warning C4244: '인수': 'double'에서 'GLfloat'(으)로 변환하면서 데이터가 손실될 수 있습니다.
C:\Users\KETI\Desktop\PTAM.Edit\src\PTAM\EyeGame.cc(123,18): warning C4244: '인수': 'double'에서 'GLfloat'(으)로 변환하면서 데이터가 손실될 수 있습니다.
C:\Users\KETI\Desktop\PTAM.Edit\src\PTAM\EyeGame.cc(124,20): warning C4244: '인수': 'double'에서 'GLfloat'(으)로 변환하면서 데이터가 손실될 수 있습니다.
C:\Users\KETI\Desktop\PTAM.Edit\src\PTAM\EyeGame.cc(124,18): warning C4244: '인수': 'double'에서 'GLfloat'(으)로 변환하면서 데이터가 손실될 수 있습니다.
C:\Users\KETI\Desktop\PTAM.Edit\src\PTAM\EyeGame.cc(144,77): warning C4244: '인수': 'double'에서 'GLfloat'(으)로 변환하면서 데이터가 손실될 수 있습니다.
C:\Users\KETI\Desktop\PTAM.Edit\src\PTAM\EyeGame.cc(144,50): warning C4244: '인수': 'double'에서 'GLfloat'(으)로 변환하면서 데이터가 손실될 수 있습니다.
C:\Users\KETI\Desktop\PTAM.Edit\src\PTAM\EyeGame.cc(144,19): warning C4244: '인수': 'double'에서 'GLfloat'(으)로 변환하면서 데이터가 손실될 수 있습니다.
C:\Users\KETI\Desktop\PTAM.Edit\src\PTAM\EyeGame.cc(145,77): warning C4244: '인수': 'double'에서 'GLfloat'(으)로 변환하면서 데이터가 손실될 수 있습니다.
C:\Users\KETI\Desktop\PTAM.Edit\src\PTAM\EyeGame.cc(145,50): warning C4244: '인수': 'double'에서 'GLfloat'(으)로 변환하면서 데이터가 손실될 수 있습니다.
C:\Users\KETI\Desktop\PTAM.Edit\src\PTAM\EyeGame.cc(145,19): warning C4244: '인수': 'double'에서 'GLfloat'(으)로 변환하면서 데이터가 손실될 수 있습니다.
C:\Users\KETI\Desktop\PTAM.Edit\src\PTAM\EyeGame.cc(146,77): warning C4244: '인수': 'double'에서 'GLfloat'(으)로 변환하면서 데이터가 손실될 수 있습니다.
C:\Users\KETI\Desktop\PTAM.Edit\src\PTAM\EyeGame.cc(146,50): warning C4244: '인수': 'double'에서 'GLfloat'(으)로 변환하면서 데이터가 손실될 수 있습니다.
C:\Users\KETI\Desktop\PTAM.Edit\src\PTAM\EyeGame.cc(146,19): warning C4244: '인수': 'double'에서 'GLfloat'(으)로 변환하면서 데이터가 손실될 수 있습니다.
C:\Users\KETI\Desktop\PTAM.Edit\src\PTAM\EyeGame.cc(147,77): warning C4244: '인수': 'double'에서 'GLfloat'(으)로 변환하면서 데이터가 손실될 수 있습니다.
C:\Users\KETI\Desktop\PTAM.Edit\src\PTAM\EyeGame.cc(147,50): warning C4244: '인수': 'double'에서 'GLfloat'(으)로 변환하면서 데이터가 손실될 수 있습니다.
C:\Users\KETI\Desktop\PTAM.Edit\src\PTAM\EyeGame.cc(147,19): warning C4244: '인수': 'double'에서 'GLfloat'(으)로 변환하면서 데이터가 손실될 수 있습니다.
C:\Users\KETI\Desktop\PTAM.Edit\src\PTAM\EyeGame.cc(149,26): warning C4244: '인수': 'double'에서 'GLfloat'(으)로 변환하면서 데이터가 손실될 수 있습니다.
C:\Users\KETI\Desktop\PTAM.Edit\src\PTAM\EyeGame.cc(149,20): warning C4244: '인수': 'double'에서 'GLfloat'(으)로 변환하면서 데이터가 손실될 수 있습니다.
C:\Users\KETI\Desktop\PTAM.Edit\src\PTAM\EyeGame.cc(150,26): warning C4244: '인수': 'double'에서 'GLfloat'(으)로 변환하면서 데이터가 손실될 수 있습니다.
C:\Users\KETI\Desktop\PTAM.Edit\src\PTAM\EyeGame.cc(150,20): warning C4244: '인수': 'double'에서 'GLfloat'(으)로 변환하면서 데이터가 손실될 수 있습니다.
C:\Users\KETI\Desktop\PTAM.Edit\src\PTAM\EyeGame.cc(151,26): warning C4244: '인수': 'double'에서 'GLfloat'(으)로 변환하면서 데이터가 손실될 수 있습니다.
C:\Users\KETI\Desktop\PTAM.Edit\src\PTAM\EyeGame.cc(151,20): warning C4244: '인수': 'double'에서 'GLfloat'(으)로 변환하면서 데이터가 손실될 수 있습니다.
C:\Users\KETI\Desktop\PTAM.Edit\src\PTAM\EyeGame.cc(152,26): warning C4244: '인수': 'double'에서 'GLfloat'(으)로 변환하면서 데이터가 손실될 수 있습니다.
C:\Users\KETI\Desktop\PTAM.Edit\src\PTAM\EyeGame.cc(152,20): warning C4244: '인수': 'double'에서 'GLfloat'(으)로 변환하면서 데이터가 손실될 수 있습니다.
C:\Users\KETI\Desktop\PTAM.Edit\src\PTAM\EyeGame.cc(165,80): warning C4244: '인수': 'double'에서 'GLfloat'(으)로 변환하면서 데이터가 손실될 수 있습니다.
C:\Users\KETI\Desktop\PTAM.Edit\src\PTAM\EyeGame.cc(165,48): warning C4244: '인수': 'double'에서 'GLfloat'(으)로 변환하면서 데이터가 손실될 수 있습니다.
C:\Users\KETI\Desktop\PTAM.Edit\src\PTAM\EyeGame.cc(165,15): warning C4244: '인수': 'double'에서 'GLfloat'(으)로 변환하면서 데이터가 손실될 수 있습니다.
C:\Users\KETI\Desktop\PTAM.Edit\src\PTAM\EyeGame.cc(166,80): warning C4244: '인수': 'double'에서 'GLfloat'(으)로 변환하면서 데이터가 손실될 수 있습니다.
C:\Users\KETI\Desktop\PTAM.Edit\src\PTAM\EyeGame.cc(166,48): warning C4244: '인수': 'double'에서 'GLfloat'(으)로 변환하면서 데이터가 손실될 수 있습니다.
C:\Users\KETI\Desktop\PTAM.Edit\src\PTAM\EyeGame.cc(166,15): warning C4244: '인수': 'double'에서 'GLfloat'(으)로 변환하면서 데이터가 손실될 수 있습니다.
C:\Users\KETI\Desktop\PTAM.Edit\src\PTAM\EyeGame.cc(168,20): warning C4244: '인수': 'double'에서 'GLfloat'(으)로 변환하면서 데이터가 손실될 수 있습니다.
C:\Users\KETI\Desktop\PTAM.Edit\src\PTAM\EyeGame.cc(168,18): warning C4244: '인수': 'double'에서 'GLfloat'(으)로 변환하면서 데이터가 손실될 수 있습니다.
C:\Users\KETI\Desktop\PTAM.Edit\src\PTAM\EyeGame.cc(169,20): warning C4244: '인수': 'double'에서 'GLfloat'(으)로 변환하면서 데이터가 손실될 수 있습니다.
C:\Users\KETI\Desktop\PTAM.Edit\src\PTAM\EyeGame.cc(169,18): warning C4244: '인수': 'double'에서 'GLfloat'(으)로 변환하면서 데이터가 손실될 수 있습니다.
  Bundle.cc
  ATANCamera.cc
  ARDriver.cc
C:\Users\KETI\Desktop\PTAM.Edit\src\PTAM\ARDriver.cc(249,19): warning C4244: '인수': 'double'에서 'GLfloat'(으)로 변환하면서 데이터가 손실될 수 있습니다.
  코드를 생성하고 있습니다...
  컴파일하고 있습니다...
  VideoSource_Linux_OpenCV.cc
C:\Users\KETI\Desktop\PTAM.Edit\set\ptam_include\opencv2\flann\dist.h(1,1): warning C4819: 현재 코드 페이지(949)에서 표시할 수 없는 문자가 파일에 들어 있습니다. 데이터가 손실되지 않게 하려면 해당 파일을 유니코드 형식으로 저장하십시오.
C:\Users\KETI\Desktop\PTAM.Edit\set\ptam_include\opencv2\flann\logger.h(66,22): warning C4996: 'fopen': This function or variable may be unsafe. Consider using fopen_s instead. To disable deprecation, use _CRT_SECURE_NO_WARNINGS. See online help for details.
  코드를 생성하고 있습니다...
VideoSource_Linux_OpenCV.obj : warning LNK4075: '/EDITANDCONTINUE'이(가) '/SAFESEH' 사양으로 인해 무시됩니다.
  libcvd.lib(win32.obj) : /GL로 컴파일한 MSIL .netmodule 또는 모듈이 있습니다. /LTCG를 지정하여 링크를 다시 시작하십시오. /LTCG를 링크 명령줄에 추가하면 링커 성능이 향상됩니다.
LINK : warning LNK4075: '/INCREMENTAL'이(가) '/LTCG' 사양으로 인해 무시됩니다.
VideoSource_Linux_OpenCV.obj : warning LNK4075: '/EDITANDCONTINUE'이(가) '/SAFESEH' 사양으로 인해 무시됩니다.
libcvd.lib(utility_float.obj) : error LNK2038: '_ITERATOR_DEBUG_LEVEL'에 대해 불일치가 검색되었습니다. '0' 값이 '2'(VideoSource_Linux_OpenCV.obj에 위치) 값과 일치하지 않습니다.
libcvd.lib(utility_float.obj) : error LNK2038: 'RuntimeLibrary'에 대해 불일치가 검색되었습니다. 'MT_StaticRelease' 값이 'MTd_StaticDebug'(VideoSource_Linux_OpenCV.obj에 위치) 값과 일치하지 않습니다.
libcvd.lib(gltext.obj) : error LNK2038: '_ITERATOR_DEBUG_LEVEL'에 대해 불일치가 검색되었습니다. '0' 값이 '2'(VideoSource_Linux_OpenCV.obj에 위치) 값과 일치하지 않습니다.
libcvd.lib(gltext.obj) : error LNK2038: 'RuntimeLibrary'에 대해 불일치가 검색되었습니다. 'MT_StaticRelease' 값이 'MTd_StaticDebug'(VideoSource_Linux_OpenCV.obj에 위치) 값과 일치하지 않습니다.
libcvd.lib(glwindow.obj) : error LNK2038: '_ITERATOR_DEBUG_LEVEL'에 대해 불일치가 검색되었습니다. '0' 값이 '2'(VideoSource_Linux_OpenCV.obj에 위치) 값과 일치하지 않습니다.
libcvd.lib(glwindow.obj) : error LNK2038: 'RuntimeLibrary'에 대해 불일치가 검색되었습니다. 'MT_StaticRelease' 값이 'MTd_StaticDebug'(VideoSource_Linux_OpenCV.obj에 위치) 값과 일치하지 않습니다.
libcvd.lib(half_sample.obj) : error LNK2038: '_ITERATOR_DEBUG_LEVEL'에 대해 불일치가 검색되었습니다. '0' 값이 '2'(VideoSource_Linux_OpenCV.obj에 위치) 값과 일치하지 않습니다.
libcvd.lib(half_sample.obj) : error LNK2038: 'RuntimeLibrary'에 대해 불일치가 검색되었습니다. 'MT_StaticRelease' 값이 'MTd_StaticDebug'(VideoSource_Linux_OpenCV.obj에 위치) 값과 일치하지 않습니다.
libcvd.lib(fast_corner.obj) : error LNK2038: '_ITERATOR_DEBUG_LEVEL'에 대해 불일치가 검색되었습니다. '0' 값이 '2'(VideoSource_Linux_OpenCV.obj에 위치) 값과 일치하지 않습니다.
libcvd.lib(fast_corner.obj) : error LNK2038: 'RuntimeLibrary'에 대해 불일치가 검색되었습니다. 'MT_StaticRelease' 값이 'MTd_StaticDebug'(VideoSource_Linux_OpenCV.obj에 위치) 값과 일치하지 않습니다.
libcvd.lib(faster_corner_10.obj) : error LNK2038: '_ITERATOR_DEBUG_LEVEL'에 대해 불일치가 검색되었습니다. '0' 값이 '2'(VideoSource_Linux_OpenCV.obj에 위치) 값과 일치하지 않습니다.
libcvd.lib(faster_corner_10.obj) : error LNK2038: 'RuntimeLibrary'에 대해 불일치가 검색되었습니다. 'MT_StaticRelease' 값이 'MTd_StaticDebug'(VideoSource_Linux_OpenCV.obj에 위치) 값과 일치하지 않습니다.
libcvd.lib(cvd_timer.obj) : error LNK2038: '_ITERATOR_DEBUG_LEVEL'에 대해 불일치가 검색되었습니다. '0' 값이 '2'(VideoSource_Linux_OpenCV.obj에 위치) 값과 일치하지 않습니다.
libcvd.lib(cvd_timer.obj) : error LNK2038: 'RuntimeLibrary'에 대해 불일치가 검색되었습니다. 'MT_StaticRelease' 값이 'MTd_StaticDebug'(VideoSource_Linux_OpenCV.obj에 위치) 값과 일치하지 않습니다.
libcvd.lib(convolve_gaussian.obj) : error LNK2038: '_ITERATOR_DEBUG_LEVEL'에 대해 불일치가 검색되었습니다. '0' 값이 '2'(VideoSource_Linux_OpenCV.obj에 위치) 값과 일치하지 않습니다.
libcvd.lib(convolve_gaussian.obj) : error LNK2038: 'RuntimeLibrary'에 대해 불일치가 검색되었습니다. 'MT_StaticRelease' 값이 'MTd_StaticDebug'(VideoSource_Linux_OpenCV.obj에 위치) 값과 일치하지 않습니다.
libcvd.lib(nonmax_suppression.obj) : error LNK2038: '_ITERATOR_DEBUG_LEVEL'에 대해 불일치가 검색되었습니다. '0' 값이 '2'(VideoSource_Linux_OpenCV.obj에 위치) 값과 일치하지 않습니다.
libcvd.lib(nonmax_suppression.obj) : error LNK2038: 'RuntimeLibrary'에 대해 불일치가 검색되었습니다. 'MT_StaticRelease' 값이 'MTd_StaticDebug'(VideoSource_Linux_OpenCV.obj에 위치) 값과 일치하지 않습니다.
libcvd.lib(fast_10_detect.obj) : error LNK2038: '_ITERATOR_DEBUG_LEVEL'에 대해 불일치가 검색되었습니다. '0' 값이 '2'(VideoSource_Linux_OpenCV.obj에 위치) 값과 일치하지 않습니다.
libcvd.lib(fast_10_detect.obj) : error LNK2038: 'RuntimeLibrary'에 대해 불일치가 검색되었습니다. 'MT_StaticRelease' 값이 'MTd_StaticDebug'(VideoSource_Linux_OpenCV.obj에 위치) 값과 일치하지 않습니다.
libcvd.lib(convolution.obj) : error LNK2038: '_ITERATOR_DEBUG_LEVEL'에 대해 불일치가 검색되었습니다. '0' 값이 '2'(VideoSource_Linux_OpenCV.obj에 위치) 값과 일치하지 않습니다.
libcvd.lib(convolution.obj) : error LNK2038: 'RuntimeLibrary'에 대해 불일치가 검색되었습니다. 'MT_StaticRelease' 값이 'MTd_StaticDebug'(VideoSource_Linux_OpenCV.obj에 위치) 값과 일치하지 않습니다.
gvars3.lib(serialize.obj) : error LNK2038: '_ITERATOR_DEBUG_LEVEL'에 대해 불일치가 검색되었습니다. '0' 값이 '2'(VideoSource_Linux_OpenCV.obj에 위치) 값과 일치하지 않습니다.
gvars3.lib(serialize.obj) : error LNK2038: 'RuntimeLibrary'에 대해 불일치가 검색되었습니다. 'MT_StaticRelease' 값이 'MTd_StaticDebug'(VideoSource_Linux_OpenCV.obj에 위치) 값과 일치하지 않습니다.
gvars3.lib(gvars3.obj) : error LNK2038: '_ITERATOR_DEBUG_LEVEL'에 대해 불일치가 검색되었습니다. '0' 값이 '2'(VideoSource_Linux_OpenCV.obj에 위치) 값과 일치하지 않습니다.
gvars3.lib(gvars3.obj) : error LNK2038: 'RuntimeLibrary'에 대해 불일치가 검색되었습니다. 'MT_StaticRelease' 값이 'MTd_StaticDebug'(VideoSource_Linux_OpenCV.obj에 위치) 값과 일치하지 않습니다.
gvars3.lib(inst.obj) : error LNK2038: '_ITERATOR_DEBUG_LEVEL'에 대해 불일치가 검색되었습니다. '0' 값이 '2'(VideoSource_Linux_OpenCV.obj에 위치) 값과 일치하지 않습니다.
gvars3.lib(inst.obj) : error LNK2038: 'RuntimeLibrary'에 대해 불일치가 검색되었습니다. 'MT_StaticRelease' 값이 'MTd_StaticDebug'(VideoSource_Linux_OpenCV.obj에 위치) 값과 일치하지 않습니다.
gvars3.lib(GStringUtil.obj) : error LNK2038: '_ITERATOR_DEBUG_LEVEL'에 대해 불일치가 검색되었습니다. '0' 값이 '2'(VideoSource_Linux_OpenCV.obj에 위치) 값과 일치하지 않습니다.
gvars3.lib(GStringUtil.obj) : error LNK2038: 'RuntimeLibrary'에 대해 불일치가 검색되었습니다. 'MT_StaticRelease' 값이 'MTd_StaticDebug'(VideoSource_Linux_OpenCV.obj에 위치) 값과 일치하지 않습니다.
gvars3.lib(GUI.obj) : error LNK2038: '_ITERATOR_DEBUG_LEVEL'에 대해 불일치가 검색되었습니다. '0' 값이 '2'(VideoSource_Linux_OpenCV.obj에 위치) 값과 일치하지 않습니다.
gvars3.lib(GUI.obj) : error LNK2038: 'RuntimeLibrary'에 대해 불일치가 검색되었습니다. 'MT_StaticRelease' 값이 'MTd_StaticDebug'(VideoSource_Linux_OpenCV.obj에 위치) 값과 일치하지 않습니다.
gvars3.lib(gvars2.obj) : error LNK2038: '_ITERATOR_DEBUG_LEVEL'에 대해 불일치가 검색되었습니다. '0' 값이 '2'(VideoSource_Linux_OpenCV.obj에 위치) 값과 일치하지 않습니다.
gvars3.lib(gvars2.obj) : error LNK2038: 'RuntimeLibrary'에 대해 불일치가 검색되었습니다. 'MT_StaticRelease' 값이 'MTd_StaticDebug'(VideoSource_Linux_OpenCV.obj에 위치) 값과 일치하지 않습니다.
gvars3.lib(GUI_impl_noreadline.obj) : error LNK2038: '_ITERATOR_DEBUG_LEVEL'에 대해 불일치가 검색되었습니다. '0' 값이 '2'(VideoSource_Linux_OpenCV.obj에 위치) 값과 일치하지 않습니다.
gvars3.lib(GUI_impl_noreadline.obj) : error LNK2038: 'RuntimeLibrary'에 대해 불일치가 검색되었습니다. 'MT_StaticRelease' 값이 'MTd_StaticDebug'(VideoSource_Linux_OpenCV.obj에 위치) 값과 일치하지 않습니다.
gvars3.lib(GUI_non_readline.obj) : error LNK2038: '_ITERATOR_DEBUG_LEVEL'에 대해 불일치가 검색되었습니다. '0' 값이 '2'(VideoSource_Linux_OpenCV.obj에 위치) 값과 일치하지 않습니다.
gvars3.lib(GUI_non_readline.obj) : error LNK2038: 'RuntimeLibrary'에 대해 불일치가 검색되었습니다. 'MT_StaticRelease' 값이 'MTd_StaticDebug'(VideoSource_Linux_OpenCV.obj에 위치) 값과 일치하지 않습니다.
LINK : warning LNK4098: 'LIBCMT' defaultlib가 다른 라이브러리와 충돌합니다. /NODEFAULTLIB:library를 사용하십시오.
Debug\PTAM.exe : fatal error LNK1319: 38개의 불일치가 검색되었습니다.
